ERROR - 2025-05-30 01:00:27 --> mysqli_sql_exception: Table 'alternatif' already exists in D:\Laragon\laragon\www\Kelompok 16_Website SPK Beasiswa Metode SAW\system\Database\MySQLi\Connection.php:327
Stack trace:
#0 D:\Laragon\laragon\www\Kelompok 16_Website SPK Beasiswa Metode SAW\system\Database\MySQLi\Connection.php(327): mysqli->query('CREATE TABLE `a...', 0)
#1 D:\Laragon\laragon\www\Kelompok 16_Website SPK Beasiswa Metode SAW\system\Database\BaseConnection.php(738): CodeIgniter\Database\MySQLi\Connection->execute('CREATE TABLE `a...')
#2 D:\Laragon\laragon\www\Kelompok 16_Website SPK Beasiswa Metode SAW\system\Database\BaseConnection.php(652): CodeIgniter\Database\BaseConnection->simpleQuery('CREATE TABLE `a...')
#3 D:\Laragon\laragon\www\Kelompok 16_Website SPK Beasiswa Metode SAW\system\Database\Forge.php(570): CodeIgniter\Database\BaseConnection->query('CREATE TABLE `a...')
#4 D:\Laragon\laragon\www\Kelompok 16_Website SPK Beasiswa Metode SAW\app\Database\Migrations\2025-05-30-005624_CreateAlternatifTable.php(37): CodeIgniter\Database\Forge->createTable('alternatif')
#5 D:\Laragon\laragon\www\Kelompok 16_Website SPK Beasiswa Metode SAW\system\Database\MigrationRunner.php(876): App\Database\Migrations\CreateAlternatifTable->up()
#6 D:\Laragon\laragon\www\Kelompok 16_Website SPK Beasiswa Metode SAW\system\Database\MigrationRunner.php(182): CodeIgniter\Database\MigrationRunner->migrate('up', Object(stdClass))
#7 D:\Laragon\laragon\www\Kelompok 16_Website SPK Beasiswa Metode SAW\system\Commands\Database\Migrate.php(85): CodeIgniter\Database\MigrationRunner->latest(NULL)
#8 D:\Laragon\laragon\www\Kelompok 16_Website SPK Beasiswa Metode SAW\system\CLI\Commands.php(74): CodeIgniter\Commands\Database\Migrate->run(Array)
#9 D:\Laragon\laragon\www\Kelompok 16_Website SPK Beasiswa Metode SAW\system\CLI\Console.php(47): CodeIgniter\CLI\Commands->run('migrate', Array)
#10 D:\Laragon\laragon\www\Kelompok 16_Website SPK Beasiswa Metode SAW\system\Boot.php(360): CodeIgniter\CLI\Console->run()
#11 D:\Laragon\laragon\www\Kelompok 16_Website SPK Beasiswa Metode SAW\system\Boot.php(104): CodeIgniter\Boot::runCommand(Object(CodeIgniter\CLI\Console))
#12 D:\Laragon\laragon\www\Kelompok 16_Website SPK Beasiswa Metode SAW\spark(87): CodeIgniter\Boot::bootSpark(Object(Config\Paths))
#13 {main}
DEBUG - 2025-05-30 01:04:56 --> Session: Class initialized using 'CodeIgniter\Session\Handlers\FileHandler' driver.
DEBUG - 2025-05-30 01:04:56 --> Session: Class initialized using 'CodeIgniter\Session\Handlers\FileHandler' driver.
DEBUG - 2025-05-30 01:04:56 --> Session: Class initialized using 'CodeIgniter\Session\Handlers\FileHandler' driver.
DEBUG - 2025-05-30 01:04:57 --> Session: Class initialized using 'CodeIgniter\Session\Handlers\FileHandler' driver.
DEBUG - 2025-05-30 01:04:58 --> Session: Class initialized using 'CodeIgniter\Session\Handlers\FileHandler' driver.
DEBUG - 2025-05-30 01:04:58 --> Session: Class initialized using 'CodeIgniter\Session\Handlers\FileHandler' driver.
DEBUG - 2025-05-30 01:05:38 --> Session: Class initialized using 'CodeIgniter\Session\Handlers\FileHandler' driver.
DEBUG - 2025-05-30 01:05:38 --> Session: Class initialized using 'CodeIgniter\Session\Handlers\FileHandler' driver.
DEBUG - 2025-05-30 01:05:38 --> Session: Class initialized using 'CodeIgniter\Session\Handlers\FileHandler' driver.
DEBUG - 2025-05-30 01:05:41 --> Session: Class initialized using 'CodeIgniter\Session\Handlers\FileHandler' driver.
DEBUG - 2025-05-30 01:05:41 --> Session: Class initialized using 'CodeIgniter\Session\Handlers\FileHandler' driver.
DEBUG - 2025-05-30 01:05:41 --> Session: Class initialized using 'CodeIgniter\Session\Handlers\FileHandler' driver.
DEBUG - 2025-05-30 01:05:43 --> Session: Class initialized using 'CodeIgniter\Session\Handlers\FileHandler' driver.
DEBUG - 2025-05-30 01:05:43 --> Session: Class initialized using 'CodeIgniter\Session\Handlers\FileHandler' driver.
DEBUG - 2025-05-30 01:06:38 --> Session: Class initialized using 'CodeIgniter\Session\Handlers\FileHandler' driver.
DEBUG - 2025-05-30 01:06:38 --> Session: Class initialized using 'CodeIgniter\Session\Handlers\FileHandler' driver.
DEBUG - 2025-05-30 01:06:39 --> Session: Class initialized using 'CodeIgniter\Session\Handlers\FileHandler' driver.
DEBUG - 2025-05-30 01:06:39 --> Session: Class initialized using 'CodeIgniter\Session\Handlers\FileHandler' driver.
DEBUG - 2025-05-30 01:07:32 --> Session: Class initialized using 'CodeIgniter\Session\Handlers\FileHandler' driver.
DEBUG - 2025-05-30 01:07:33 --> Session: Class initialized using 'CodeIgniter\Session\Handlers\FileHandler' driver.
ERROR - 2025-05-30 01:12:00 --> mysqli_sql_exception: You have an error in your SQL syntax; check the manual that corresponds to your MySQL server version for the right syntax to use near '`REGEXP` = '^A[0-9]+$'
ORDER BY CAST(SUBSTRING(kode_alternatif DESC, 2) AS UNSIG' at line 3 in D:\Laragon\laragon\www\Kelompok 16_Website SPK Beasiswa Metode SAW\system\Database\MySQLi\Connection.php:327
Stack trace:
#0 D:\Laragon\laragon\www\Kelompok 16_Website SPK Beasiswa Metode SAW\system\Database\MySQLi\Connection.php(327): mysqli->query('SELECT `kode_al...', 0)
#1 D:\Laragon\laragon\www\Kelompok 16_Website SPK Beasiswa Metode SAW\system\Database\BaseConnection.php(738): CodeIgniter\Database\MySQLi\Connection->execute('SELECT `kode_al...')
#2 D:\Laragon\laragon\www\Kelompok 16_Website SPK Beasiswa Metode SAW\system\Database\BaseConnection.php(652): CodeIgniter\Database\BaseConnection->simpleQuery('SELECT `kode_al...')
#3 D:\Laragon\laragon\www\Kelompok 16_Website SPK Beasiswa Metode SAW\system\Database\BaseBuilder.php(1649): CodeIgniter\Database\BaseConnection->query('SELECT `kode_al...', Array, false)
#4 D:\Laragon\laragon\www\Kelompok 16_Website SPK Beasiswa Metode SAW\system\Model.php(330): CodeIgniter\Database\BaseBuilder->get()
#5 D:\Laragon\laragon\www\Kelompok 16_Website SPK Beasiswa Metode SAW\system\BaseModel.php(717): CodeIgniter\Model->doFirst()
#6 D:\Laragon\laragon\www\Kelompok 16_Website SPK Beasiswa Metode SAW\app\Models\AlternatifModel.php(104): CodeIgniter\BaseModel->first()
#7 D:\Laragon\laragon\www\Kelompok 16_Website SPK Beasiswa Metode SAW\app\Controllers\Alternatif.php(231): App\Models\AlternatifModel->getNextKodeAlternatif()
#8 D:\Laragon\laragon\www\Kelompok 16_Website SPK Beasiswa Metode SAW\system\CodeIgniter.php(933): App\Controllers\Alternatif->getNextKode()
#9 D:\Laragon\laragon\www\Kelompok 16_Website SPK Beasiswa Metode SAW\system\CodeIgniter.php(507): CodeIgniter\CodeIgniter->runController(Object(App\Controllers\Alternatif))
#10 D:\Laragon\laragon\www\Kelompok 16_Website SPK Beasiswa Metode SAW\system\CodeIgniter.php(354): CodeIgniter\CodeIgniter->handleRequest(NULL, Object(Config\Cache), false)
#11 D:\Laragon\laragon\www\Kelompok 16_Website SPK Beasiswa Metode SAW\system\Boot.php(334): CodeIgniter\CodeIgniter->run()
#12 D:\Laragon\laragon\www\Kelompok 16_Website SPK Beasiswa Metode SAW\system\Boot.php(67): CodeIgniter\Boot::runCodeIgniter(Object(CodeIgniter\CodeIgniter))
#13 D:\Laragon\laragon\www\Kelompok 16_Website SPK Beasiswa Metode SAW\public\index.php(59): CodeIgniter\Boot::bootWeb(Object(Config\Paths))
#14 D:\Laragon\laragon\www\Kelompok 16_Website SPK Beasiswa Metode SAW\system\rewrite.php(44): require_once('D:\\Laragon\\lara...')
#15 {main}
CRITICAL - 2025-05-30 01:12:00 --> CodeIgniter\Database\Exceptions\DatabaseException: You have an error in your SQL syntax; check the manual that corresponds to your MySQL server version for the right syntax to use near '`REGEXP` = '^A[0-9]+$'
ORDER BY CAST(SUBSTRING(kode_alternatif DESC, 2) AS UNSIG' at line 3
[Method: GET, Route: alternatif/getNextKode]
in SYSTEMPATH\Database\BaseConnection.php on line 692.
 1 SYSTEMPATH\Database\BaseBuilder.php(1649): CodeIgniter\Database\BaseConnection->query('SELECT `kode_alternatif`
FROM `alternatif`
WHERE `kode_alternatif` `REGEXP` = :kode_alternatif REGEXP:
ORDER BY CAST(SUBSTRING(kode_alternatif DESC, 2) AS UNSIGNED) DESC
 LIMIT 1', [...], false)
 2 SYSTEMPATH\Model.php(330): CodeIgniter\Database\BaseBuilder->get()
 3 SYSTEMPATH\BaseModel.php(717): CodeIgniter\Model->doFirst()
 4 APPPATH\Models\AlternatifModel.php(104): CodeIgniter\BaseModel->first()
 5 APPPATH\Controllers\Alternatif.php(231): App\Models\AlternatifModel->getNextKodeAlternatif()
 6 SYSTEMPATH\CodeIgniter.php(933): App\Controllers\Alternatif->getNextKode()
 7 SYSTEMPATH\CodeIgniter.php(507): CodeIgniter\CodeIgniter->runController(Object(App\Controllers\Alternatif))
 8 SYSTEMPATH\CodeIgniter.php(354): CodeIgniter\CodeIgniter->handleRequest(null, Object(Config\Cache), false)
 9 SYSTEMPATH\Boot.php(334): CodeIgniter\CodeIgniter->run()
10 SYSTEMPATH\Boot.php(67): CodeIgniter\Boot::runCodeIgniter(Object(CodeIgniter\CodeIgniter))
11 FCPATH\index.php(59): CodeIgniter\Boot::bootWeb(Object(Config\Paths))
12 SYSTEMPATH\rewrite.php(44): require_once('D:\\Laragon\\laragon\\www\\Kelompok 16_Website SPK Beasiswa Metode SAW\\public\\index.php')
CRITICAL - 2025-05-30 01:12:00 --> [Caused by] CodeIgniter\Database\Exceptions\DatabaseException: You have an error in your SQL syntax; check the manual that corresponds to your MySQL server version for the right syntax to use near '`REGEXP` = '^A[0-9]+$'
ORDER BY CAST(SUBSTRING(kode_alternatif DESC, 2) AS UNSIG' at line 3
in SYSTEMPATH\Database\MySQLi\Connection.php on line 332.
 1 SYSTEMPATH\Database\BaseConnection.php(738): CodeIgniter\Database\MySQLi\Connection->execute('SELECT `kode_alternatif`
FROM `alternatif`
WHERE `kode_alternatif` `REGEXP` = \'^A[0-9]+$\'
ORDER BY CAST(SUBSTRING(kode_alternatif DESC, 2) AS UNSIGNED) DESC
 LIMIT 1')
 2 SYSTEMPATH\Database\BaseConnection.php(652): CodeIgniter\Database\BaseConnection->simpleQuery('SELECT `kode_alternatif`
FROM `alternatif`
WHERE `kode_alternatif` `REGEXP` = \'^A[0-9]+$\'
ORDER BY CAST(SUBSTRING(kode_alternatif DESC, 2) AS UNSIGNED) DESC
 LIMIT 1')
 3 SYSTEMPATH\Database\BaseBuilder.php(1649): CodeIgniter\Database\BaseConnection->query('SELECT `kode_alternatif`
FROM `alternatif`
WHERE `kode_alternatif` `REGEXP` = :kode_alternatif REGEXP:
ORDER BY CAST(SUBSTRING(kode_alternatif DESC, 2) AS UNSIGNED) DESC
 LIMIT 1', [...], false)
 4 SYSTEMPATH\Model.php(330): CodeIgniter\Database\BaseBuilder->get()
 5 SYSTEMPATH\BaseModel.php(717): CodeIgniter\Model->doFirst()
 6 APPPATH\Models\AlternatifModel.php(104): CodeIgniter\BaseModel->first()
 7 APPPATH\Controllers\Alternatif.php(231): App\Models\AlternatifModel->getNextKodeAlternatif()
 8 SYSTEMPATH\CodeIgniter.php(933): App\Controllers\Alternatif->getNextKode()
 9 SYSTEMPATH\CodeIgniter.php(507): CodeIgniter\CodeIgniter->runController(Object(App\Controllers\Alternatif))
10 SYSTEMPATH\CodeIgniter.php(354): CodeIgniter\CodeIgniter->handleRequest(null, Object(Config\Cache), false)
11 SYSTEMPATH\Boot.php(334): CodeIgniter\CodeIgniter->run()
12 SYSTEMPATH\Boot.php(67): CodeIgniter\Boot::runCodeIgniter(Object(CodeIgniter\CodeIgniter))
13 FCPATH\index.php(59): CodeIgniter\Boot::bootWeb(Object(Config\Paths))
14 SYSTEMPATH\rewrite.php(44): require_once('D:\\Laragon\\laragon\\www\\Kelompok 16_Website SPK Beasiswa Metode SAW\\public\\index.php')
CRITICAL - 2025-05-30 01:12:00 --> [Caused by] mysqli_sql_exception: You have an error in your SQL syntax; check the manual that corresponds to your MySQL server version for the right syntax to use near '`REGEXP` = '^A[0-9]+$'
ORDER BY CAST(SUBSTRING(kode_alternatif DESC, 2) AS UNSIG' at line 3
in SYSTEMPATH\Database\MySQLi\Connection.php on line 327.
 1 SYSTEMPATH\Database\MySQLi\Connection.php(327): mysqli->query('SELECT `kode_alternatif`
FROM `alternatif`
WHERE `kode_alternatif` `REGEXP` = \'^A[0-9]+$\'
ORDER BY CAST(SUBSTRING(kode_alternatif DESC, 2) AS UNSIGNED) DESC
 LIMIT 1', 0)
 2 SYSTEMPATH\Database\BaseConnection.php(738): CodeIgniter\Database\MySQLi\Connection->execute('SELECT `kode_alternatif`
FROM `alternatif`
WHERE `kode_alternatif` `REGEXP` = \'^A[0-9]+$\'
ORDER BY CAST(SUBSTRING(kode_alternatif DESC, 2) AS UNSIGNED) DESC
 LIMIT 1')
 3 SYSTEMPATH\Database\BaseConnection.php(652): CodeIgniter\Database\BaseConnection->simpleQuery('SELECT `kode_alternatif`
FROM `alternatif`
WHERE `kode_alternatif` `REGEXP` = \'^A[0-9]+$\'
ORDER BY CAST(SUBSTRING(kode_alternatif DESC, 2) AS UNSIGNED) DESC
 LIMIT 1')
 4 SYSTEMPATH\Database\BaseBuilder.php(1649): CodeIgniter\Database\BaseConnection->query('SELECT `kode_alternatif`
FROM `alternatif`
WHERE `kode_alternatif` `REGEXP` = :kode_alternatif REGEXP:
ORDER BY CAST(SUBSTRING(kode_alternatif DESC, 2) AS UNSIGNED) DESC
 LIMIT 1', [...], false)
 5 SYSTEMPATH\Model.php(330): CodeIgniter\Database\BaseBuilder->get()
 6 SYSTEMPATH\BaseModel.php(717): CodeIgniter\Model->doFirst()
 7 APPPATH\Models\AlternatifModel.php(104): CodeIgniter\BaseModel->first()
 8 APPPATH\Controllers\Alternatif.php(231): App\Models\AlternatifModel->getNextKodeAlternatif()
 9 SYSTEMPATH\CodeIgniter.php(933): App\Controllers\Alternatif->getNextKode()
10 SYSTEMPATH\CodeIgniter.php(507): CodeIgniter\CodeIgniter->runController(Object(App\Controllers\Alternatif))
11 SYSTEMPATH\CodeIgniter.php(354): CodeIgniter\CodeIgniter->handleRequest(null, Object(Config\Cache), false)
12 SYSTEMPATH\Boot.php(334): CodeIgniter\CodeIgniter->run()
13 SYSTEMPATH\Boot.php(67): CodeIgniter\Boot::runCodeIgniter(Object(CodeIgniter\CodeIgniter))
14 FCPATH\index.php(59): CodeIgniter\Boot::bootWeb(Object(Config\Paths))
15 SYSTEMPATH\rewrite.php(44): require_once('D:\\Laragon\\laragon\\www\\Kelompok 16_Website SPK Beasiswa Metode SAW\\public\\index.php')
ERROR - 2025-05-30 01:12:22 --> mysqli_sql_exception: You have an error in your SQL syntax; check the manual that corresponds to your MySQL server version for the right syntax to use near '`REGEXP` = '^A[0-9]+$'
ORDER BY CAST(SUBSTRING(kode_alternatif DESC, 2) AS UNSIG' at line 3 in D:\Laragon\laragon\www\Kelompok 16_Website SPK Beasiswa Metode SAW\system\Database\MySQLi\Connection.php:327
Stack trace:
#0 D:\Laragon\laragon\www\Kelompok 16_Website SPK Beasiswa Metode SAW\system\Database\MySQLi\Connection.php(327): mysqli->query('SELECT `kode_al...', 0)
#1 D:\Laragon\laragon\www\Kelompok 16_Website SPK Beasiswa Metode SAW\system\Database\BaseConnection.php(738): CodeIgniter\Database\MySQLi\Connection->execute('SELECT `kode_al...')
#2 D:\Laragon\laragon\www\Kelompok 16_Website SPK Beasiswa Metode SAW\system\Database\BaseConnection.php(652): CodeIgniter\Database\BaseConnection->simpleQuery('SELECT `kode_al...')
#3 D:\Laragon\laragon\www\Kelompok 16_Website SPK Beasiswa Metode SAW\system\Database\BaseBuilder.php(1649): CodeIgniter\Database\BaseConnection->query('SELECT `kode_al...', Array, false)
#4 D:\Laragon\laragon\www\Kelompok 16_Website SPK Beasiswa Metode SAW\system\Model.php(330): CodeIgniter\Database\BaseBuilder->get()
#5 D:\Laragon\laragon\www\Kelompok 16_Website SPK Beasiswa Metode SAW\system\BaseModel.php(717): CodeIgniter\Model->doFirst()
#6 D:\Laragon\laragon\www\Kelompok 16_Website SPK Beasiswa Metode SAW\app\Models\AlternatifModel.php(104): CodeIgniter\BaseModel->first()
#7 D:\Laragon\laragon\www\Kelompok 16_Website SPK Beasiswa Metode SAW\app\Controllers\Alternatif.php(231): App\Models\AlternatifModel->getNextKodeAlternatif()
#8 D:\Laragon\laragon\www\Kelompok 16_Website SPK Beasiswa Metode SAW\system\CodeIgniter.php(933): App\Controllers\Alternatif->getNextKode()
#9 D:\Laragon\laragon\www\Kelompok 16_Website SPK Beasiswa Metode SAW\system\CodeIgniter.php(507): CodeIgniter\CodeIgniter->runController(Object(App\Controllers\Alternatif))
#10 D:\Laragon\laragon\www\Kelompok 16_Website SPK Beasiswa Metode SAW\system\CodeIgniter.php(354): CodeIgniter\CodeIgniter->handleRequest(NULL, Object(Config\Cache), false)
#11 D:\Laragon\laragon\www\Kelompok 16_Website SPK Beasiswa Metode SAW\system\Boot.php(334): CodeIgniter\CodeIgniter->run()
#12 D:\Laragon\laragon\www\Kelompok 16_Website SPK Beasiswa Metode SAW\system\Boot.php(67): CodeIgniter\Boot::runCodeIgniter(Object(CodeIgniter\CodeIgniter))
#13 D:\Laragon\laragon\www\Kelompok 16_Website SPK Beasiswa Metode SAW\public\index.php(59): CodeIgniter\Boot::bootWeb(Object(Config\Paths))
#14 D:\Laragon\laragon\www\Kelompok 16_Website SPK Beasiswa Metode SAW\system\rewrite.php(44): require_once('D:\\Laragon\\lara...')
#15 {main}
CRITICAL - 2025-05-30 01:12:22 --> CodeIgniter\Database\Exceptions\DatabaseException: You have an error in your SQL syntax; check the manual that corresponds to your MySQL server version for the right syntax to use near '`REGEXP` = '^A[0-9]+$'
ORDER BY CAST(SUBSTRING(kode_alternatif DESC, 2) AS UNSIG' at line 3
[Method: GET, Route: alternatif/getNextKode]
in SYSTEMPATH\Database\BaseConnection.php on line 692.
 1 SYSTEMPATH\Database\BaseBuilder.php(1649): CodeIgniter\Database\BaseConnection->query('SELECT `kode_alternatif`
FROM `alternatif`
WHERE `kode_alternatif` `REGEXP` = :kode_alternatif REGEXP:
ORDER BY CAST(SUBSTRING(kode_alternatif DESC, 2) AS UNSIGNED) DESC
 LIMIT 1', [...], false)
 2 SYSTEMPATH\Model.php(330): CodeIgniter\Database\BaseBuilder->get()
 3 SYSTEMPATH\BaseModel.php(717): CodeIgniter\Model->doFirst()
 4 APPPATH\Models\AlternatifModel.php(104): CodeIgniter\BaseModel->first()
 5 APPPATH\Controllers\Alternatif.php(231): App\Models\AlternatifModel->getNextKodeAlternatif()
 6 SYSTEMPATH\CodeIgniter.php(933): App\Controllers\Alternatif->getNextKode()
 7 SYSTEMPATH\CodeIgniter.php(507): CodeIgniter\CodeIgniter->runController(Object(App\Controllers\Alternatif))
 8 SYSTEMPATH\CodeIgniter.php(354): CodeIgniter\CodeIgniter->handleRequest(null, Object(Config\Cache), false)
 9 SYSTEMPATH\Boot.php(334): CodeIgniter\CodeIgniter->run()
10 SYSTEMPATH\Boot.php(67): CodeIgniter\Boot::runCodeIgniter(Object(CodeIgniter\CodeIgniter))
11 FCPATH\index.php(59): CodeIgniter\Boot::bootWeb(Object(Config\Paths))
12 SYSTEMPATH\rewrite.php(44): require_once('D:\\Laragon\\laragon\\www\\Kelompok 16_Website SPK Beasiswa Metode SAW\\public\\index.php')
CRITICAL - 2025-05-30 01:12:22 --> [Caused by] CodeIgniter\Database\Exceptions\DatabaseException: You have an error in your SQL syntax; check the manual that corresponds to your MySQL server version for the right syntax to use near '`REGEXP` = '^A[0-9]+$'
ORDER BY CAST(SUBSTRING(kode_alternatif DESC, 2) AS UNSIG' at line 3
in SYSTEMPATH\Database\MySQLi\Connection.php on line 332.
 1 SYSTEMPATH\Database\BaseConnection.php(738): CodeIgniter\Database\MySQLi\Connection->execute('SELECT `kode_alternatif`
FROM `alternatif`
WHERE `kode_alternatif` `REGEXP` = \'^A[0-9]+$\'
ORDER BY CAST(SUBSTRING(kode_alternatif DESC, 2) AS UNSIGNED) DESC
 LIMIT 1')
 2 SYSTEMPATH\Database\BaseConnection.php(652): CodeIgniter\Database\BaseConnection->simpleQuery('SELECT `kode_alternatif`
FROM `alternatif`
WHERE `kode_alternatif` `REGEXP` = \'^A[0-9]+$\'
ORDER BY CAST(SUBSTRING(kode_alternatif DESC, 2) AS UNSIGNED) DESC
 LIMIT 1')
 3 SYSTEMPATH\Database\BaseBuilder.php(1649): CodeIgniter\Database\BaseConnection->query('SELECT `kode_alternatif`
FROM `alternatif`
WHERE `kode_alternatif` `REGEXP` = :kode_alternatif REGEXP:
ORDER BY CAST(SUBSTRING(kode_alternatif DESC, 2) AS UNSIGNED) DESC
 LIMIT 1', [...], false)
 4 SYSTEMPATH\Model.php(330): CodeIgniter\Database\BaseBuilder->get()
 5 SYSTEMPATH\BaseModel.php(717): CodeIgniter\Model->doFirst()
 6 APPPATH\Models\AlternatifModel.php(104): CodeIgniter\BaseModel->first()
 7 APPPATH\Controllers\Alternatif.php(231): App\Models\AlternatifModel->getNextKodeAlternatif()
 8 SYSTEMPATH\CodeIgniter.php(933): App\Controllers\Alternatif->getNextKode()
 9 SYSTEMPATH\CodeIgniter.php(507): CodeIgniter\CodeIgniter->runController(Object(App\Controllers\Alternatif))
10 SYSTEMPATH\CodeIgniter.php(354): CodeIgniter\CodeIgniter->handleRequest(null, Object(Config\Cache), false)
11 SYSTEMPATH\Boot.php(334): CodeIgniter\CodeIgniter->run()
12 SYSTEMPATH\Boot.php(67): CodeIgniter\Boot::runCodeIgniter(Object(CodeIgniter\CodeIgniter))
13 FCPATH\index.php(59): CodeIgniter\Boot::bootWeb(Object(Config\Paths))
14 SYSTEMPATH\rewrite.php(44): require_once('D:\\Laragon\\laragon\\www\\Kelompok 16_Website SPK Beasiswa Metode SAW\\public\\index.php')
CRITICAL - 2025-05-30 01:12:22 --> [Caused by] mysqli_sql_exception: You have an error in your SQL syntax; check the manual that corresponds to your MySQL server version for the right syntax to use near '`REGEXP` = '^A[0-9]+$'
ORDER BY CAST(SUBSTRING(kode_alternatif DESC, 2) AS UNSIG' at line 3
in SYSTEMPATH\Database\MySQLi\Connection.php on line 327.
 1 SYSTEMPATH\Database\MySQLi\Connection.php(327): mysqli->query('SELECT `kode_alternatif`
FROM `alternatif`
WHERE `kode_alternatif` `REGEXP` = \'^A[0-9]+$\'
ORDER BY CAST(SUBSTRING(kode_alternatif DESC, 2) AS UNSIGNED) DESC
 LIMIT 1', 0)
 2 SYSTEMPATH\Database\BaseConnection.php(738): CodeIgniter\Database\MySQLi\Connection->execute('SELECT `kode_alternatif`
FROM `alternatif`
WHERE `kode_alternatif` `REGEXP` = \'^A[0-9]+$\'
ORDER BY CAST(SUBSTRING(kode_alternatif DESC, 2) AS UNSIGNED) DESC
 LIMIT 1')
 3 SYSTEMPATH\Database\BaseConnection.php(652): CodeIgniter\Database\BaseConnection->simpleQuery('SELECT `kode_alternatif`
FROM `alternatif`
WHERE `kode_alternatif` `REGEXP` = \'^A[0-9]+$\'
ORDER BY CAST(SUBSTRING(kode_alternatif DESC, 2) AS UNSIGNED) DESC
 LIMIT 1')
 4 SYSTEMPATH\Database\BaseBuilder.php(1649): CodeIgniter\Database\BaseConnection->query('SELECT `kode_alternatif`
FROM `alternatif`
WHERE `kode_alternatif` `REGEXP` = :kode_alternatif REGEXP:
ORDER BY CAST(SUBSTRING(kode_alternatif DESC, 2) AS UNSIGNED) DESC
 LIMIT 1', [...], false)
 5 SYSTEMPATH\Model.php(330): CodeIgniter\Database\BaseBuilder->get()
 6 SYSTEMPATH\BaseModel.php(717): CodeIgniter\Model->doFirst()
 7 APPPATH\Models\AlternatifModel.php(104): CodeIgniter\BaseModel->first()
 8 APPPATH\Controllers\Alternatif.php(231): App\Models\AlternatifModel->getNextKodeAlternatif()
 9 SYSTEMPATH\CodeIgniter.php(933): App\Controllers\Alternatif->getNextKode()
10 SYSTEMPATH\CodeIgniter.php(507): CodeIgniter\CodeIgniter->runController(Object(App\Controllers\Alternatif))
11 SYSTEMPATH\CodeIgniter.php(354): CodeIgniter\CodeIgniter->handleRequest(null, Object(Config\Cache), false)
12 SYSTEMPATH\Boot.php(334): CodeIgniter\CodeIgniter->run()
13 SYSTEMPATH\Boot.php(67): CodeIgniter\Boot::runCodeIgniter(Object(CodeIgniter\CodeIgniter))
14 FCPATH\index.php(59): CodeIgniter\Boot::bootWeb(Object(Config\Paths))
15 SYSTEMPATH\rewrite.php(44): require_once('D:\\Laragon\\laragon\\www\\Kelompok 16_Website SPK Beasiswa Metode SAW\\public\\index.php')
ERROR - 2025-05-30 01:13:33 --> mysqli_sql_exception: You have an error in your SQL syntax; check the manual that corresponds to your MySQL server version for the right syntax to use near '`REGEXP` = '^A[0-9]+$'
ORDER BY CAST(SUBSTRING(kode_alternatif DESC, 2) AS UNSIG' at line 3 in D:\Laragon\laragon\www\Kelompok 16_Website SPK Beasiswa Metode SAW\system\Database\MySQLi\Connection.php:327
Stack trace:
#0 D:\Laragon\laragon\www\Kelompok 16_Website SPK Beasiswa Metode SAW\system\Database\MySQLi\Connection.php(327): mysqli->query('SELECT `kode_al...', 0)
#1 D:\Laragon\laragon\www\Kelompok 16_Website SPK Beasiswa Metode SAW\system\Database\BaseConnection.php(738): CodeIgniter\Database\MySQLi\Connection->execute('SELECT `kode_al...')
#2 D:\Laragon\laragon\www\Kelompok 16_Website SPK Beasiswa Metode SAW\system\Database\BaseConnection.php(652): CodeIgniter\Database\BaseConnection->simpleQuery('SELECT `kode_al...')
#3 D:\Laragon\laragon\www\Kelompok 16_Website SPK Beasiswa Metode SAW\system\Database\BaseBuilder.php(1649): CodeIgniter\Database\BaseConnection->query('SELECT `kode_al...', Array, false)
#4 D:\Laragon\laragon\www\Kelompok 16_Website SPK Beasiswa Metode SAW\system\Model.php(330): CodeIgniter\Database\BaseBuilder->get()
#5 D:\Laragon\laragon\www\Kelompok 16_Website SPK Beasiswa Metode SAW\system\BaseModel.php(717): CodeIgniter\Model->doFirst()
#6 D:\Laragon\laragon\www\Kelompok 16_Website SPK Beasiswa Metode SAW\app\Models\AlternatifModel.php(104): CodeIgniter\BaseModel->first()
#7 D:\Laragon\laragon\www\Kelompok 16_Website SPK Beasiswa Metode SAW\app\Controllers\Alternatif.php(231): App\Models\AlternatifModel->getNextKodeAlternatif()
#8 D:\Laragon\laragon\www\Kelompok 16_Website SPK Beasiswa Metode SAW\system\CodeIgniter.php(933): App\Controllers\Alternatif->getNextKode()
#9 D:\Laragon\laragon\www\Kelompok 16_Website SPK Beasiswa Metode SAW\system\CodeIgniter.php(507): CodeIgniter\CodeIgniter->runController(Object(App\Controllers\Alternatif))
#10 D:\Laragon\laragon\www\Kelompok 16_Website SPK Beasiswa Metode SAW\system\CodeIgniter.php(354): CodeIgniter\CodeIgniter->handleRequest(NULL, Object(Config\Cache), false)
#11 D:\Laragon\laragon\www\Kelompok 16_Website SPK Beasiswa Metode SAW\system\Boot.php(334): CodeIgniter\CodeIgniter->run()
#12 D:\Laragon\laragon\www\Kelompok 16_Website SPK Beasiswa Metode SAW\system\Boot.php(67): CodeIgniter\Boot::runCodeIgniter(Object(CodeIgniter\CodeIgniter))
#13 D:\Laragon\laragon\www\Kelompok 16_Website SPK Beasiswa Metode SAW\public\index.php(59): CodeIgniter\Boot::bootWeb(Object(Config\Paths))
#14 D:\Laragon\laragon\www\Kelompok 16_Website SPK Beasiswa Metode SAW\system\rewrite.php(44): require_once('D:\\Laragon\\lara...')
#15 {main}
CRITICAL - 2025-05-30 01:13:33 --> CodeIgniter\Database\Exceptions\DatabaseException: You have an error in your SQL syntax; check the manual that corresponds to your MySQL server version for the right syntax to use near '`REGEXP` = '^A[0-9]+$'
ORDER BY CAST(SUBSTRING(kode_alternatif DESC, 2) AS UNSIG' at line 3
[Method: GET, Route: alternatif/getNextKode]
in SYSTEMPATH\Database\BaseConnection.php on line 692.
 1 SYSTEMPATH\Database\BaseBuilder.php(1649): CodeIgniter\Database\BaseConnection->query('SELECT `kode_alternatif`
FROM `alternatif`
WHERE `kode_alternatif` `REGEXP` = :kode_alternatif REGEXP:
ORDER BY CAST(SUBSTRING(kode_alternatif DESC, 2) AS UNSIGNED) DESC
 LIMIT 1', [...], false)
 2 SYSTEMPATH\Model.php(330): CodeIgniter\Database\BaseBuilder->get()
 3 SYSTEMPATH\BaseModel.php(717): CodeIgniter\Model->doFirst()
 4 APPPATH\Models\AlternatifModel.php(104): CodeIgniter\BaseModel->first()
 5 APPPATH\Controllers\Alternatif.php(231): App\Models\AlternatifModel->getNextKodeAlternatif()
 6 SYSTEMPATH\CodeIgniter.php(933): App\Controllers\Alternatif->getNextKode()
 7 SYSTEMPATH\CodeIgniter.php(507): CodeIgniter\CodeIgniter->runController(Object(App\Controllers\Alternatif))
 8 SYSTEMPATH\CodeIgniter.php(354): CodeIgniter\CodeIgniter->handleRequest(null, Object(Config\Cache), false)
 9 SYSTEMPATH\Boot.php(334): CodeIgniter\CodeIgniter->run()
10 SYSTEMPATH\Boot.php(67): CodeIgniter\Boot::runCodeIgniter(Object(CodeIgniter\CodeIgniter))
11 FCPATH\index.php(59): CodeIgniter\Boot::bootWeb(Object(Config\Paths))
12 SYSTEMPATH\rewrite.php(44): require_once('D:\\Laragon\\laragon\\www\\Kelompok 16_Website SPK Beasiswa Metode SAW\\public\\index.php')
CRITICAL - 2025-05-30 01:13:33 --> [Caused by] CodeIgniter\Database\Exceptions\DatabaseException: You have an error in your SQL syntax; check the manual that corresponds to your MySQL server version for the right syntax to use near '`REGEXP` = '^A[0-9]+$'
ORDER BY CAST(SUBSTRING(kode_alternatif DESC, 2) AS UNSIG' at line 3
in SYSTEMPATH\Database\MySQLi\Connection.php on line 332.
 1 SYSTEMPATH\Database\BaseConnection.php(738): CodeIgniter\Database\MySQLi\Connection->execute('SELECT `kode_alternatif`
FROM `alternatif`
WHERE `kode_alternatif` `REGEXP` = \'^A[0-9]+$\'
ORDER BY CAST(SUBSTRING(kode_alternatif DESC, 2) AS UNSIGNED) DESC
 LIMIT 1')
 2 SYSTEMPATH\Database\BaseConnection.php(652): CodeIgniter\Database\BaseConnection->simpleQuery('SELECT `kode_alternatif`
FROM `alternatif`
WHERE `kode_alternatif` `REGEXP` = \'^A[0-9]+$\'
ORDER BY CAST(SUBSTRING(kode_alternatif DESC, 2) AS UNSIGNED) DESC
 LIMIT 1')
 3 SYSTEMPATH\Database\BaseBuilder.php(1649): CodeIgniter\Database\BaseConnection->query('SELECT `kode_alternatif`
FROM `alternatif`
WHERE `kode_alternatif` `REGEXP` = :kode_alternatif REGEXP:
ORDER BY CAST(SUBSTRING(kode_alternatif DESC, 2) AS UNSIGNED) DESC
 LIMIT 1', [...], false)
 4 SYSTEMPATH\Model.php(330): CodeIgniter\Database\BaseBuilder->get()
 5 SYSTEMPATH\BaseModel.php(717): CodeIgniter\Model->doFirst()
 6 APPPATH\Models\AlternatifModel.php(104): CodeIgniter\BaseModel->first()
 7 APPPATH\Controllers\Alternatif.php(231): App\Models\AlternatifModel->getNextKodeAlternatif()
 8 SYSTEMPATH\CodeIgniter.php(933): App\Controllers\Alternatif->getNextKode()
 9 SYSTEMPATH\CodeIgniter.php(507): CodeIgniter\CodeIgniter->runController(Object(App\Controllers\Alternatif))
10 SYSTEMPATH\CodeIgniter.php(354): CodeIgniter\CodeIgniter->handleRequest(null, Object(Config\Cache), false)
11 SYSTEMPATH\Boot.php(334): CodeIgniter\CodeIgniter->run()
12 SYSTEMPATH\Boot.php(67): CodeIgniter\Boot::runCodeIgniter(Object(CodeIgniter\CodeIgniter))
13 FCPATH\index.php(59): CodeIgniter\Boot::bootWeb(Object(Config\Paths))
14 SYSTEMPATH\rewrite.php(44): require_once('D:\\Laragon\\laragon\\www\\Kelompok 16_Website SPK Beasiswa Metode SAW\\public\\index.php')
CRITICAL - 2025-05-30 01:13:33 --> [Caused by] mysqli_sql_exception: You have an error in your SQL syntax; check the manual that corresponds to your MySQL server version for the right syntax to use near '`REGEXP` = '^A[0-9]+$'
ORDER BY CAST(SUBSTRING(kode_alternatif DESC, 2) AS UNSIG' at line 3
in SYSTEMPATH\Database\MySQLi\Connection.php on line 327.
 1 SYSTEMPATH\Database\MySQLi\Connection.php(327): mysqli->query('SELECT `kode_alternatif`
FROM `alternatif`
WHERE `kode_alternatif` `REGEXP` = \'^A[0-9]+$\'
ORDER BY CAST(SUBSTRING(kode_alternatif DESC, 2) AS UNSIGNED) DESC
 LIMIT 1', 0)
 2 SYSTEMPATH\Database\BaseConnection.php(738): CodeIgniter\Database\MySQLi\Connection->execute('SELECT `kode_alternatif`
FROM `alternatif`
WHERE `kode_alternatif` `REGEXP` = \'^A[0-9]+$\'
ORDER BY CAST(SUBSTRING(kode_alternatif DESC, 2) AS UNSIGNED) DESC
 LIMIT 1')
 3 SYSTEMPATH\Database\BaseConnection.php(652): CodeIgniter\Database\BaseConnection->simpleQuery('SELECT `kode_alternatif`
FROM `alternatif`
WHERE `kode_alternatif` `REGEXP` = \'^A[0-9]+$\'
ORDER BY CAST(SUBSTRING(kode_alternatif DESC, 2) AS UNSIGNED) DESC
 LIMIT 1')
 4 SYSTEMPATH\Database\BaseBuilder.php(1649): CodeIgniter\Database\BaseConnection->query('SELECT `kode_alternatif`
FROM `alternatif`
WHERE `kode_alternatif` `REGEXP` = :kode_alternatif REGEXP:
ORDER BY CAST(SUBSTRING(kode_alternatif DESC, 2) AS UNSIGNED) DESC
 LIMIT 1', [...], false)
 5 SYSTEMPATH\Model.php(330): CodeIgniter\Database\BaseBuilder->get()
 6 SYSTEMPATH\BaseModel.php(717): CodeIgniter\Model->doFirst()
 7 APPPATH\Models\AlternatifModel.php(104): CodeIgniter\BaseModel->first()
 8 APPPATH\Controllers\Alternatif.php(231): App\Models\AlternatifModel->getNextKodeAlternatif()
 9 SYSTEMPATH\CodeIgniter.php(933): App\Controllers\Alternatif->getNextKode()
10 SYSTEMPATH\CodeIgniter.php(507): CodeIgniter\CodeIgniter->runController(Object(App\Controllers\Alternatif))
11 SYSTEMPATH\CodeIgniter.php(354): CodeIgniter\CodeIgniter->handleRequest(null, Object(Config\Cache), false)
12 SYSTEMPATH\Boot.php(334): CodeIgniter\CodeIgniter->run()
13 SYSTEMPATH\Boot.php(67): CodeIgniter\Boot::runCodeIgniter(Object(CodeIgniter\CodeIgniter))
14 FCPATH\index.php(59): CodeIgniter\Boot::bootWeb(Object(Config\Paths))
15 SYSTEMPATH\rewrite.php(44): require_once('D:\\Laragon\\laragon\\www\\Kelompok 16_Website SPK Beasiswa Metode SAW\\public\\index.php')
